[debug] [2023-11-03T16:20:03.434Z] ----------------------------------------------------------------------
[debug] [2023-11-03T16:20:03.437Z] Command:       /usr/local/bin/firebase /home/vinay/.cache/firebase/tools/lib/node_modules/firebase-tools/lib/bin/firebase init hosting
[debug] [2023-11-03T16:20:03.437Z] CLI Version:   12.8.0
[debug] [2023-11-03T16:20:03.437Z] Platform:      linux
[debug] [2023-11-03T16:20:03.437Z] Node Version:  v16.16.0
[debug] [2023-11-03T16:20:03.438Z] Time:          Fri Nov 03 2023 21:50:03 GMT+0530 (India Standard Time)
[debug] [2023-11-03T16:20:03.438Z] ----------------------------------------------------------------------
[debug] 
[debug] [2023-11-03T16:20:03.446Z] > command requires scopes: ["email","openid","https://www.googleapis.com/auth/cloudplatformprojects.readonly","https://www.googleapis.com/auth/firebase","https://www.googleapis.com/auth/cloud-platform"]
[debug] [2023-11-03T16:20:03.447Z] > authorizing via signed-in user (vinaykumar191025717@gmail.com)
[info] 
     ######## #### ########  ######## ########     ###     ######  ########
     ##        ##  ##     ## ##       ##     ##  ##   ##  ##       ##
     ######    ##  ########  ######   ########  #########  ######  ######
     ##        ##  ##    ##  ##       ##     ## ##     ##       ## ##
     ##       #### ##     ## ######## ########  ##     ##  ######  ########

You're about to initialize a Firebase project in this directory:

  /home/vinay/web projects/NEXTJS/todo

[info] 
=== Project Setup
[info] 
[info] First, let's associate this project directory with a Firebase project.
[info] You can create multiple project aliases by running firebase use --add, 
[info] but for now we'll just set up a default project.
[info] 
[debug] [2023-11-03T16:20:14.964Z] >>> [apiv2][query] GET https://firebase.googleapis.com/v1beta1/projects pageSize=100
[debug] [2023-11-03T16:20:16.209Z] <<< [apiv2][status] GET https://firebase.googleapis.com/v1beta1/projects 200
[debug] [2023-11-03T16:20:16.209Z] <<< [apiv2][body] GET https://firebase.googleapis.com/v1beta1/projects [omitted]
[info] i  Using project quests-398112 (Quests) 
[info] 
=== Hosting Setup
[debug] [2023-11-03T16:21:06.838Z] Error: Command failed: npx --yes create-next-app@latest -e hello-world  . --use-npm --js
    at checkExecSyncError (node:child_process:828:11)
    at Object.execSync (node:child_process:899:15)
    at execSync (pkg/prelude/bootstrap.js:2111:30)
    at Object.init (/home/vinay/.cache/firebase/tools/lib/node_modules/firebase-tools/lib/frameworks/next/index.js:185:34)
    at processTicksAndRejections (node:internal/process/task_queues:96:5)
    at async doSetup (/home/vinay/.cache/firebase/tools/lib/node_modules/firebase-tools/lib/init/features/hosting/index.js:88:13)
    at async init (/home/vinay/.cache/firebase/tools/lib/node_modules/firebase-tools/lib/init/index.js:41:9)
[error] 
[error] Error: An unexpected error has occurred.
[debug] [2023-11-03T16:22:05.331Z] ----------------------------------------------------------------------
[debug] [2023-11-03T16:22:05.334Z] Command:       /usr/local/bin/firebase /home/vinay/.cache/firebase/tools/lib/node_modules/firebase-tools/lib/bin/firebase init hosting
[debug] [2023-11-03T16:22:05.334Z] CLI Version:   12.8.0
[debug] [2023-11-03T16:22:05.334Z] Platform:      linux
[debug] [2023-11-03T16:22:05.335Z] Node Version:  v16.16.0
[debug] [2023-11-03T16:22:05.335Z] Time:          Fri Nov 03 2023 21:52:05 GMT+0530 (India Standard Time)
[debug] [2023-11-03T16:22:05.335Z] ----------------------------------------------------------------------
[debug] 
[debug] [2023-11-03T16:22:05.343Z] > command requires scopes: ["email","openid","https://www.googleapis.com/auth/cloudplatformprojects.readonly","https://www.googleapis.com/auth/firebase","https://www.googleapis.com/auth/cloud-platform"]
[debug] [2023-11-03T16:22:05.344Z] > authorizing via signed-in user (vinaykumar191025717@gmail.com)
[info] 
     ######## #### ########  ######## ########     ###     ######  ########
     ##        ##  ##     ## ##       ##     ##  ##   ##  ##       ##
     ######    ##  ########  ######   ########  #########  ######  ######
     ##        ##  ##    ##  ##       ##     ## ##     ##       ## ##
     ##       #### ##     ## ######## ########  ##     ##  ######  ########

You're about to initialize a Firebase project in this directory:

  /home/vinay/web projects/NEXTJS/todo

[info] 
=== Project Setup
[info] 
[info] First, let's associate this project directory with a Firebase project.
[info] You can create multiple project aliases by running firebase use --add, 
[info] but for now we'll just set up a default project.
[info] 
[debug] [2023-11-03T16:22:07.071Z] >>> [apiv2][query] GET https://firebase.googleapis.com/v1beta1/projects pageSize=100
[debug] [2023-11-03T16:22:08.041Z] <<< [apiv2][status] GET https://firebase.googleapis.com/v1beta1/projects 200
[debug] [2023-11-03T16:22:08.042Z] <<< [apiv2][body] GET https://firebase.googleapis.com/v1beta1/projects [omitted]
[info] i  Using project quests-398112 (Quests) 
[info] 
=== Hosting Setup
[debug] [2023-11-03T16:22:44.677Z] Error: Command failed: npx --yes create-next-app@latest -e hello-world ./ --use-npm --js
    at checkExecSyncError (node:child_process:828:11)
    at Object.execSync (node:child_process:899:15)
    at execSync (pkg/prelude/bootstrap.js:2111:30)
    at Object.init (/home/vinay/.cache/firebase/tools/lib/node_modules/firebase-tools/lib/frameworks/next/index.js:185:34)
    at processTicksAndRejections (node:internal/process/task_queues:96:5)
    at async doSetup (/home/vinay/.cache/firebase/tools/lib/node_modules/firebase-tools/lib/init/features/hosting/index.js:88:13)
    at async init (/home/vinay/.cache/firebase/tools/lib/node_modules/firebase-tools/lib/init/index.js:41:9)
[error] 
[error] Error: An unexpected error has occurred.
